{"F:\\Programming\\Redux\\The Ultimate redux Course -mosh\\redux-BugTrackingApp\\src\\store\\api.js": {"path":"F:\\Programming\\Redux\\The Ultimate redux Course -mosh\\redux-BugTrackingApp\\src\\store\\api.js","statementMap":{"0":{"start":{"line":3,"column":28},"end":{"line":3,"column":57}},"1":{"start":{"line":4,"column":30},"end":{"line":4,"column":61}},"2":{"start":{"line":5,"column":29},"end":{"line":5,"column":59}}},"fnMap":{},"branchMap":{},"s":{"0":1,"1":1,"2":1},"f":{},"b":{},"_coverageSchema":"1a1c01bbd47fc00a2c39e90264f33305004495a9","hash":"372e0cba5fad7dbc95b098ae48fe2f2d3dc0e5ba"}
,"F:\\Programming\\Redux\\The Ultimate redux Course -mosh\\redux-BugTrackingApp\\src\\store\\bugs.js": {"path":"F:\\Programming\\Redux\\The Ultimate redux Course -mosh\\redux-BugTrackingApp\\src\\store\\bugs.js","statementMap":{"0":{"start":{"line":7,"column":14},"end":{"line":42,"column":2}},"1":{"start":{"line":17,"column":12},"end":{"line":17,"column":32}},"2":{"start":{"line":21,"column":12},"end":{"line":21,"column":33}},"3":{"start":{"line":25,"column":12},"end":{"line":25,"column":39}},"4":{"start":{"line":26,"column":12},"end":{"line":26,"column":33}},"5":{"start":{"line":27,"column":12},"end":{"line":27,"column":40}},"6":{"start":{"line":30,"column":12},"end":{"line":30,"column":43}},"7":{"start":{"line":33,"column":26},"end":{"line":33,"column":82}},"8":{"start":{"line":33,"column":53},"end":{"line":33,"column":81}},"9":{"start":{"line":34,"column":12},"end":{"line":34,"column":45}},"10":{"start":{"line":37,"column":42},"end":{"line":37,"column":56}},"11":{"start":{"line":38,"column":26},"end":{"line":38,"column":65}},"12":{"start":{"line":38,"column":51},"end":{"line":38,"column":64}},"13":{"start":{"line":39,"column":12},"end":{"line":39,"column":45}},"14":{"start":{"line":46,"column":110},"end":{"line":46,"column":123}},"15":{"start":{"line":51,"column":12},"end":{"line":51,"column":19}},"16":{"start":{"line":53,"column":24},"end":{"line":65,"column":1}},"17":{"start":{"line":53,"column":30},"end":{"line":65,"column":1}},"18":{"start":{"line":54,"column":26},"end":{"line":54,"column":50}},"19":{"start":{"line":56,"column":26},"end":{"line":56,"column":69}},"20":{"start":{"line":57,"column":4},"end":{"line":57,"column":35}},"21":{"start":{"line":57,"column":28},"end":{"line":57,"column":35}},"22":{"start":{"line":59,"column":4},"end":{"line":64,"column":8}},"23":{"start":{"line":67,"column":22},"end":{"line":72,"column":2}},"24":{"start":{"line":67,"column":29},"end":{"line":72,"column":2}},"25":{"start":{"line":74,"column":26},"end":{"line":79,"column":2}},"26":{"start":{"line":74,"column":32},"end":{"line":79,"column":2}},"27":{"start":{"line":81,"column":31},"end":{"line":86,"column":2}},"28":{"start":{"line":81,"column":50},"end":{"line":86,"column":2}},"29":{"start":{"line":93,"column":33},"end":{"line":97,"column":1}},"30":{"start":{"line":94,"column":13},"end":{"line":94,"column":32}},"31":{"start":{"line":95,"column":13},"end":{"line":95,"column":36}},"32":{"start":{"line":96,"column":24},"end":{"line":96,"column":58}},"33":{"start":{"line":96,"column":46},"end":{"line":96,"column":57}},"34":{"start":{"line":99,"column":29},"end":{"line":102,"column":1}},"35":{"start":{"line":99,"column":39},"end":{"line":102,"column":1}},"36":{"start":{"line":100,"column":13},"end":{"line":100,"column":32}},"37":{"start":{"line":101,"column":12},"end":{"line":101,"column":54}},"38":{"start":{"line":101,"column":34},"end":{"line":101,"column":53}}},"fnMap":{"0":{"name":"(anonymous_0)","decl":{"start":{"line":16,"column":23},"end":{"line":16,"column":24}},"loc":{"start":{"line":16,"column":41},"end":{"line":18,"column":9}},"line":16},"1":{"name":"(anonymous_1)","decl":{"start":{"line":20,"column":29},"end":{"line":20,"column":30}},"loc":{"start":{"line":20,"column":47},"end":{"line":22,"column":9}},"line":20},"2":{"name":"(anonymous_2)","decl":{"start":{"line":24,"column":22},"end":{"line":24,"column":23}},"loc":{"start":{"line":24,"column":40},"end":{"line":28,"column":9}},"line":24},"3":{"name":"(anonymous_3)","decl":{"start":{"line":29,"column":18},"end":{"line":29,"column":19}},"loc":{"start":{"line":29,"column":36},"end":{"line":31,"column":9}},"line":29},"4":{"name":"(anonymous_4)","decl":{"start":{"line":32,"column":21},"end":{"line":32,"column":22}},"loc":{"start":{"line":32,"column":39},"end":{"line":35,"column":9}},"line":32},"5":{"name":"(anonymous_5)","decl":{"start":{"line":33,"column":46},"end":{"line":33,"column":47}},"loc":{"start":{"line":33,"column":53},"end":{"line":33,"column":81}},"line":33},"6":{"name":"(anonymous_6)","decl":{"start":{"line":36,"column":27},"end":{"line":36,"column":28}},"loc":{"start":{"line":36,"column":45},"end":{"line":40,"column":9}},"line":36},"7":{"name":"(anonymous_7)","decl":{"start":{"line":38,"column":46},"end":{"line":38,"column":47}},"loc":{"start":{"line":38,"column":51},"end":{"line":38,"column":64}},"line":38},"8":{"name":"(anonymous_8)","decl":{"start":{"line":53,"column":24},"end":{"line":53,"column":25}},"loc":{"start":{"line":53,"column":30},"end":{"line":65,"column":1}},"line":53},"9":{"name":"(anonymous_9)","decl":{"start":{"line":53,"column":30},"end":{"line":53,"column":31}},"loc":{"start":{"line":53,"column":54},"end":{"line":65,"column":1}},"line":53},"10":{"name":"(anonymous_10)","decl":{"start":{"line":67,"column":22},"end":{"line":67,"column":23}},"loc":{"start":{"line":67,"column":29},"end":{"line":72,"column":2}},"line":67},"11":{"name":"(anonymous_11)","decl":{"start":{"line":74,"column":26},"end":{"line":74,"column":27}},"loc":{"start":{"line":74,"column":32},"end":{"line":79,"column":2}},"line":74},"12":{"name":"(anonymous_12)","decl":{"start":{"line":81,"column":31},"end":{"line":81,"column":32}},"loc":{"start":{"line":81,"column":50},"end":{"line":86,"column":2}},"line":81},"13":{"name":"(anonymous_13)","decl":{"start":{"line":94,"column":4},"end":{"line":94,"column":5}},"loc":{"start":{"line":94,"column":13},"end":{"line":94,"column":32}},"line":94},"14":{"name":"(anonymous_14)","decl":{"start":{"line":95,"column":4},"end":{"line":95,"column":5}},"loc":{"start":{"line":95,"column":13},"end":{"line":95,"column":36}},"line":95},"15":{"name":"(anonymous_15)","decl":{"start":{"line":96,"column":4},"end":{"line":96,"column":5}},"loc":{"start":{"line":96,"column":24},"end":{"line":96,"column":58}},"line":96},"16":{"name":"(anonymous_16)","decl":{"start":{"line":96,"column":41},"end":{"line":96,"column":42}},"loc":{"start":{"line":96,"column":46},"end":{"line":96,"column":57}},"line":96},"17":{"name":"(anonymous_17)","decl":{"start":{"line":99,"column":29},"end":{"line":99,"column":30}},"loc":{"start":{"line":99,"column":39},"end":{"line":102,"column":1}},"line":99},"18":{"name":"(anonymous_18)","decl":{"start":{"line":100,"column":4},"end":{"line":100,"column":5}},"loc":{"start":{"line":100,"column":13},"end":{"line":100,"column":32}},"line":100},"19":{"name":"(anonymous_19)","decl":{"start":{"line":101,"column":4},"end":{"line":101,"column":5}},"loc":{"start":{"line":101,"column":12},"end":{"line":101,"column":54}},"line":101},"20":{"name":"(anonymous_20)","decl":{"start":{"line":101,"column":29},"end":{"line":101,"column":30}},"loc":{"start":{"line":101,"column":34},"end":{"line":101,"column":53}},"line":101}},"branchMap":{"0":{"loc":{"start":{"line":57,"column":4},"end":{"line":57,"column":35}},"type":"if","locations":[{"start":{"line":57,"column":4},"end":{"line":57,"column":35}},{"start":{"line":57,"column":4},"end":{"line":57,"column":35}}],"line":57}},"s":{"0":1,"1":5,"2":1,"3":4,"4":4,"5":4,"6":3,"7":1,"8":1,"9":1,"10":0,"11":0,"12":0,"13":0,"14":1,"15":1,"16":1,"17":6,"18":6,"19":6,"20":6,"21":1,"22":5,"23":1,"24":4,"25":1,"26":2,"27":1,"28":0,"29":1,"30":1,"31":1,"32":1,"33":3,"34":1,"35":0,"36":0,"37":0,"38":0},"f":{"0":5,"1":1,"2":4,"3":3,"4":1,"5":1,"6":0,"7":0,"8":6,"9":6,"10":4,"11":2,"12":0,"13":1,"14":1,"15":1,"16":3,"17":0,"18":0,"19":0,"20":0},"b":{"0":[1,5]},"_coverageSchema":"1a1c01bbd47fc00a2c39e90264f33305004495a9","hash":"a90eecb550583a51d17d370d7e42d7bba1d51688"}
,"F:\\Programming\\Redux\\The Ultimate redux Course -mosh\\redux-BugTrackingApp\\src\\store\\configureStore.js": {"path":"F:\\Programming\\Redux\\The Ultimate redux Course -mosh\\redux-BugTrackingApp\\src\\store\\configureStore.js","statementMap":{"0":{"start":{"line":11,"column":4},"end":{"line":19,"column":7}}},"fnMap":{"0":{"name":"(anonymous_0)","decl":{"start":{"line":10,"column":15},"end":{"line":10,"column":16}},"loc":{"start":{"line":10,"column":27},"end":{"line":20,"column":1}},"line":10}},"branchMap":{},"s":{"0":10},"f":{"0":10},"b":{},"_coverageSchema":"1a1c01bbd47fc00a2c39e90264f33305004495a9","hash":"8b819e4da8d41e14e18d2d24c19a6959f88e3b54"}
,"F:\\Programming\\Redux\\The Ultimate redux Course -mosh\\redux-BugTrackingApp\\src\\store\\entities.js": {"path":"F:\\Programming\\Redux\\The Ultimate redux Course -mosh\\redux-BugTrackingApp\\src\\store\\entities.js","statementMap":{},"fnMap":{},"branchMap":{},"s":{},"f":{},"b":{},"_coverageSchema":"1a1c01bbd47fc00a2c39e90264f33305004495a9","hash":"d09085db924ccba87776c02138e02fc87a5fe933"}
,"F:\\Programming\\Redux\\The Ultimate redux Course -mosh\\redux-BugTrackingApp\\src\\store\\projects.js": {"path":"F:\\Programming\\Redux\\The Ultimate redux Course -mosh\\redux-BugTrackingApp\\src\\store\\projects.js","statementMap":{"0":{"start":{"line":3,"column":13},"end":{"line":3,"column":14}},"1":{"start":{"line":5,"column":14},"end":{"line":17,"column":2}},"2":{"start":{"line":11,"column":12},"end":{"line":14,"column":15}},"3":{"start":{"line":21,"column":32},"end":{"line":21,"column":45}}},"fnMap":{"0":{"name":"(anonymous_0)","decl":{"start":{"line":10,"column":22},"end":{"line":10,"column":23}},"loc":{"start":{"line":10,"column":44},"end":{"line":15,"column":9}},"line":10}},"branchMap":{},"s":{"0":1,"1":1,"2":0,"3":1},"f":{"0":0},"b":{},"_coverageSchema":"1a1c01bbd47fc00a2c39e90264f33305004495a9","hash":"b5e75fd7c63b93dacfa6c229a76e6e6d430942bb"}
,"F:\\Programming\\Redux\\The Ultimate redux Course -mosh\\redux-BugTrackingApp\\src\\store\\reducer.js": {"path":"F:\\Programming\\Redux\\The Ultimate redux Course -mosh\\redux-BugTrackingApp\\src\\store\\reducer.js","statementMap":{},"fnMap":{},"branchMap":{},"s":{},"f":{},"b":{},"_coverageSchema":"1a1c01bbd47fc00a2c39e90264f33305004495a9","hash":"685a32f87a2d48e0a5ed90381e9c15dfd53a9b8c"}
,"F:\\Programming\\Redux\\The Ultimate redux Course -mosh\\redux-BugTrackingApp\\src\\store\\users.js": {"path":"F:\\Programming\\Redux\\The Ultimate redux Course -mosh\\redux-BugTrackingApp\\src\\store\\users.js","statementMap":{"0":{"start":{"line":3,"column":13},"end":{"line":3,"column":14}},"1":{"start":{"line":5,"column":14},"end":{"line":17,"column":2}},"2":{"start":{"line":11,"column":12},"end":{"line":14,"column":15}},"3":{"start":{"line":21,"column":29},"end":{"line":21,"column":42}}},"fnMap":{"0":{"name":"(anonymous_0)","decl":{"start":{"line":10,"column":19},"end":{"line":10,"column":20}},"loc":{"start":{"line":10,"column":38},"end":{"line":15,"column":9}},"line":10}},"branchMap":{},"s":{"0":1,"1":1,"2":0,"3":1},"f":{"0":0},"b":{},"_coverageSchema":"1a1c01bbd47fc00a2c39e90264f33305004495a9","hash":"f56fa67e260c5d53c90b883f900a1d7370a69acc"}
,"F:\\Programming\\Redux\\The Ultimate redux Course -mosh\\redux-BugTrackingApp\\src\\store\\middleware\\api.js": {"path":"F:\\Programming\\Redux\\The Ultimate redux Course -mosh\\redux-BugTrackingApp\\src\\store\\middleware\\api.js","statementMap":{"0":{"start":{"line":3,"column":12},"end":{"line":32,"column":1}},"1":{"start":{"line":3,"column":30},"end":{"line":32,"column":1}},"2":{"start":{"line":3,"column":38},"end":{"line":32,"column":1}},"3":{"start":{"line":4,"column":4},"end":{"line":4,"column":71}},"4":{"start":{"line":4,"column":51},"end":{"line":4,"column":71}},"5":{"start":{"line":6,"column":63},"end":{"line":6,"column":77}},"6":{"start":{"line":8,"column":4},"end":{"line":8,"column":45}},"7":{"start":{"line":8,"column":17},"end":{"line":8,"column":45}},"8":{"start":{"line":10,"column":4},"end":{"line":10,"column":17}},"9":{"start":{"line":12,"column":4},"end":{"line":31,"column":5}},"10":{"start":{"line":13,"column":25},"end":{"line":18,"column":10}},"11":{"start":{"line":21,"column":8},"end":{"line":21,"column":72}},"12":{"start":{"line":21,"column":24},"end":{"line":21,"column":72}},"13":{"start":{"line":24,"column":8},"end":{"line":24,"column":77}},"14":{"start":{"line":24,"column":23},"end":{"line":24,"column":77}},"15":{"start":{"line":27,"column":8},"end":{"line":27,"column":69}},"16":{"start":{"line":27,"column":22},"end":{"line":27,"column":69}},"17":{"start":{"line":30,"column":8},"end":{"line":30,"column":73}},"18":{"start":{"line":30,"column":21},"end":{"line":30,"column":73}}},"fnMap":{"0":{"name":"(anonymous_0)","decl":{"start":{"line":3,"column":12},"end":{"line":3,"column":13}},"loc":{"start":{"line":3,"column":30},"end":{"line":32,"column":1}},"line":3},"1":{"name":"(anonymous_1)","decl":{"start":{"line":3,"column":30},"end":{"line":3,"column":31}},"loc":{"start":{"line":3,"column":38},"end":{"line":32,"column":1}},"line":3},"2":{"name":"(anonymous_2)","decl":{"start":{"line":3,"column":38},"end":{"line":3,"column":39}},"loc":{"start":{"line":3,"column":54},"end":{"line":32,"column":1}},"line":3}},"branchMap":{"0":{"loc":{"start":{"line":4,"column":4},"end":{"line":4,"column":71}},"type":"if","locations":[{"start":{"line":4,"column":4},"end":{"line":4,"column":71}},{"start":{"line":4,"column":4},"end":{"line":4,"column":71}}],"line":4},"1":{"loc":{"start":{"line":8,"column":4},"end":{"line":8,"column":45}},"type":"if","locations":[{"start":{"line":8,"column":4},"end":{"line":8,"column":45}},{"start":{"line":8,"column":4},"end":{"line":8,"column":45}}],"line":8},"2":{"loc":{"start":{"line":21,"column":8},"end":{"line":21,"column":72}},"type":"if","locations":[{"start":{"line":21,"column":8},"end":{"line":21,"column":72}},{"start":{"line":21,"column":8},"end":{"line":21,"column":72}}],"line":21},"3":{"loc":{"start":{"line":24,"column":8},"end":{"line":24,"column":77}},"type":"if","locations":[{"start":{"line":24,"column":8},"end":{"line":24,"column":77}},{"start":{"line":24,"column":8},"end":{"line":24,"column":77}}],"line":24},"4":{"loc":{"start":{"line":27,"column":8},"end":{"line":27,"column":69}},"type":"if","locations":[{"start":{"line":27,"column":8},"end":{"line":27,"column":69}},{"start":{"line":27,"column":8},"end":{"line":27,"column":69}}],"line":27},"5":{"loc":{"start":{"line":30,"column":8},"end":{"line":30,"column":73}},"type":"if","locations":[{"start":{"line":30,"column":8},"end":{"line":30,"column":73}},{"start":{"line":30,"column":8},"end":{"line":30,"column":73}}],"line":30}},"s":{"0":1,"1":10,"2":10,"3":27,"4":16,"5":11,"6":11,"7":5,"8":11,"9":11,"10":11,"11":8,"12":0,"13":8,"14":8,"15":3,"16":2,"17":3,"18":1},"f":{"0":10,"1":10,"2":27},"b":{"0":[16,11],"1":[5,6],"2":[0,8],"3":[8,0],"4":[2,1],"5":[1,2]},"_coverageSchema":"1a1c01bbd47fc00a2c39e90264f33305004495a9","hash":"38bdfadbde100cf078043d031d66d49a387b2f31"}
,"F:\\Programming\\Redux\\The Ultimate redux Course -mosh\\redux-BugTrackingApp\\src\\store\\middleware\\logger.js": {"path":"F:\\Programming\\Redux\\The Ultimate redux Course -mosh\\redux-BugTrackingApp\\src\\store\\middleware\\logger.js","statementMap":{"0":{"start":{"line":1,"column":15},"end":{"line":8,"column":1}},"1":{"start":{"line":1,"column":24},"end":{"line":8,"column":1}},"2":{"start":{"line":1,"column":33},"end":{"line":8,"column":1}},"3":{"start":{"line":1,"column":41},"end":{"line":8,"column":1}},"4":{"start":{"line":2,"column":4},"end":{"line":2,"column":35}},"5":{"start":{"line":6,"column":4},"end":{"line":6,"column":24}}},"fnMap":{"0":{"name":"(anonymous_0)","decl":{"start":{"line":1,"column":15},"end":{"line":1,"column":16}},"loc":{"start":{"line":1,"column":24},"end":{"line":8,"column":1}},"line":1},"1":{"name":"(anonymous_1)","decl":{"start":{"line":1,"column":24},"end":{"line":1,"column":25}},"loc":{"start":{"line":1,"column":33},"end":{"line":8,"column":1}},"line":1},"2":{"name":"(anonymous_2)","decl":{"start":{"line":1,"column":33},"end":{"line":1,"column":34}},"loc":{"start":{"line":1,"column":41},"end":{"line":8,"column":1}},"line":1},"3":{"name":"(anonymous_3)","decl":{"start":{"line":1,"column":41},"end":{"line":1,"column":42}},"loc":{"start":{"line":1,"column":51},"end":{"line":8,"column":1}},"line":1}},"branchMap":{},"s":{"0":1,"1":0,"2":0,"3":0,"4":0,"5":0},"f":{"0":0,"1":0,"2":0,"3":0},"b":{},"_coverageSchema":"1a1c01bbd47fc00a2c39e90264f33305004495a9","hash":"a84dcbc13c150d4c4f97ef57bce3df22ddbd3c40"}
,"F:\\Programming\\Redux\\The Ultimate redux Course -mosh\\redux-BugTrackingApp\\src\\store\\middleware\\toats.js": {"path":"F:\\Programming\\Redux\\The Ultimate redux Course -mosh\\redux-BugTrackingApp\\src\\store\\middleware\\toats.js","statementMap":{"0":{"start":{"line":1,"column":14},"end":{"line":6,"column":1}},"1":{"start":{"line":1,"column":23},"end":{"line":6,"column":1}},"2":{"start":{"line":1,"column":31},"end":{"line":6,"column":1}},"3":{"start":{"line":2,"column":4},"end":{"line":5,"column":28}},"4":{"start":{"line":3,"column":8},"end":{"line":3,"column":56}},"5":{"start":{"line":5,"column":8},"end":{"line":5,"column":28}}},"fnMap":{"0":{"name":"(anonymous_0)","decl":{"start":{"line":1,"column":14},"end":{"line":1,"column":15}},"loc":{"start":{"line":1,"column":23},"end":{"line":6,"column":1}},"line":1},"1":{"name":"(anonymous_1)","decl":{"start":{"line":1,"column":23},"end":{"line":1,"column":24}},"loc":{"start":{"line":1,"column":31},"end":{"line":6,"column":1}},"line":1},"2":{"name":"(anonymous_2)","decl":{"start":{"line":1,"column":31},"end":{"line":1,"column":32}},"loc":{"start":{"line":1,"column":41},"end":{"line":6,"column":1}},"line":1}},"branchMap":{"0":{"loc":{"start":{"line":2,"column":4},"end":{"line":5,"column":28}},"type":"if","locations":[{"start":{"line":2,"column":4},"end":{"line":5,"column":28}},{"start":{"line":2,"column":4},"end":{"line":5,"column":28}}],"line":2}},"s":{"0":1,"1":10,"2":10,"3":27,"4":0,"5":27},"f":{"0":10,"1":10,"2":27},"b":{"0":[0,27]},"_coverageSchema":"1a1c01bbd47fc00a2c39e90264f33305004495a9","hash":"a2c3eb40387123277b10c1939d8b7e9d5be544c3"}
}
