TN:
SF:src\store\api.js
FNF:0
FNH:0
DA:3,1
DA:4,1
DA:5,1
LF:3
LH:3
BRF:0
BRH:0
end_of_record
TN:
SF:src\store\bugs.js
FN:16,(anonymous_0)
FN:20,(anonymous_1)
FN:24,(anonymous_2)
FN:29,(anonymous_3)
FN:32,(anonymous_4)
FN:33,(anonymous_5)
FN:36,(anonymous_6)
FN:38,(anonymous_7)
FN:53,(anonymous_8)
FN:53,(anonymous_9)
FN:67,(anonymous_10)
FN:74,(anonymous_11)
FN:81,(anonymous_12)
FN:94,(anonymous_13)
FN:95,(anonymous_14)
FN:96,(anonymous_15)
FN:96,(anonymous_16)
FN:99,(anonymous_17)
FN:100,(anonymous_18)
FN:101,(anonymous_19)
FN:101,(anonymous_20)
FNF:21
FNH:14
FNDA:5,(anonymous_0)
FNDA:1,(anonymous_1)
FNDA:4,(anonymous_2)
FNDA:3,(anonymous_3)
FNDA:1,(anonymous_4)
FNDA:1,(anonymous_5)
FNDA:0,(anonymous_6)
FNDA:0,(anonymous_7)
FNDA:6,(anonymous_8)
FNDA:6,(anonymous_9)
FNDA:4,(anonymous_10)
FNDA:2,(anonymous_11)
FNDA:0,(anonymous_12)
FNDA:1,(anonymous_13)
FNDA:1,(anonymous_14)
FNDA:1,(anonymous_15)
FNDA:3,(anonymous_16)
FNDA:0,(anonymous_17)
FNDA:0,(anonymous_18)
FNDA:0,(anonymous_19)
FNDA:0,(anonymous_20)
DA:7,1
DA:17,5
DA:21,1
DA:25,4
DA:26,4
DA:27,4
DA:30,3
DA:33,1
DA:34,1
DA:37,0
DA:38,0
DA:39,0
DA:46,1
DA:51,1
DA:53,6
DA:54,6
DA:56,6
DA:57,6
DA:59,5
DA:67,4
DA:74,2
DA:81,1
DA:93,1
DA:94,1
DA:95,1
DA:96,3
DA:99,1
DA:100,0
DA:101,0
LF:29
LH:24
BRDA:57,0,0,1
BRDA:57,0,1,5
BRF:2
BRH:2
end_of_record
TN:
SF:src\store\configureStore.js
FN:10,(anonymous_0)
FNF:1
FNH:1
FNDA:10,(anonymous_0)
DA:11,10
LF:1
LH:1
BRF:0
BRH:0
end_of_record
TN:
SF:src\store\entities.js
FNF:0
FNH:0
LF:0
LH:0
BRF:0
BRH:0
end_of_record
TN:
SF:src\store\projects.js
FN:10,(anonymous_0)
FNF:1
FNH:0
FNDA:0,(anonymous_0)
DA:3,1
DA:5,1
DA:11,0
DA:21,1
LF:4
LH:3
BRF:0
BRH:0
end_of_record
TN:
SF:src\store\reducer.js
FNF:0
FNH:0
LF:0
LH:0
BRF:0
BRH:0
end_of_record
TN:
SF:src\store\users.js
FN:10,(anonymous_0)
FNF:1
FNH:0
FNDA:0,(anonymous_0)
DA:3,1
DA:5,1
DA:11,0
DA:21,1
LF:4
LH:3
BRF:0
BRH:0
end_of_record
TN:
SF:src\store\middleware\api.js
FN:3,(anonymous_0)
FN:3,(anonymous_1)
FN:3,(anonymous_2)
FNF:3
FNH:3
FNDA:10,(anonymous_0)
FNDA:10,(anonymous_1)
FNDA:27,(anonymous_2)
DA:3,10
DA:4,27
DA:6,11
DA:8,11
DA:10,11
DA:12,11
DA:13,11
DA:21,8
DA:24,8
DA:27,3
DA:30,3
LF:11
LH:11
BRDA:4,0,0,16
BRDA:4,0,1,11
BRDA:8,1,0,5
BRDA:8,1,1,6
BRDA:21,2,0,0
BRDA:21,2,1,8
BRDA:24,3,0,8
BRDA:24,3,1,0
BRDA:27,4,0,2
BRDA:27,4,1,1
BRDA:30,5,0,1
BRDA:30,5,1,2
BRF:12
BRH:10
end_of_record
TN:
SF:src\store\middleware\logger.js
FN:1,(anonymous_0)
FN:1,(anonymous_1)
FN:1,(anonymous_2)
FN:1,(anonymous_3)
FNF:4
FNH:0
FNDA:0,(anonymous_0)
FNDA:0,(anonymous_1)
FNDA:0,(anonymous_2)
FNDA:0,(anonymous_3)
DA:1,1
DA:2,0
DA:6,0
LF:3
LH:1
BRF:0
BRH:0
end_of_record
TN:
SF:src\store\middleware\toats.js
FN:1,(anonymous_0)
FN:1,(anonymous_1)
FN:1,(anonymous_2)
FNF:3
FNH:3
FNDA:10,(anonymous_0)
FNDA:10,(anonymous_1)
FNDA:27,(anonymous_2)
DA:1,10
DA:2,27
DA:3,0
DA:5,27
LF:4
LH:3
BRDA:2,0,0,0
BRDA:2,0,1,27
BRF:2
BRH:1
end_of_record
